<?xml version="1.0" encoding="UTF-8"?>
<testsuite xmlns:xsi="http://www.w3.org/2001/XMLSchema-instance" xsi:noNamespaceSchemaLocation="https://maven.apache.org/surefire/maven-surefire-plugin/xsd/surefire-test-report-3.0.xsd" version="3.0" name="ExampleTest" time="0.005" tests="4" errors="0" skipped="0" failures="0">
  <properties>
    <property name="java.specification.version" value="22"/>
    <property name="sun.cpu.isalist" value="amd64"/>
    <property name="sun.jnu.encoding" value="Cp1252"/>
    <property name="java.class.path" value="C:\Users\bl3ss\IdeaProjects\boombastic\target\test-classes;C:\Users\bl3ss\IdeaProjects\boombastic\target\classes;C:\Users\bl3ss\.m2\repository\org\mockito\mockito-core\3.12.4\mockito-core-3.12.4.jar;C:\Users\bl3ss\.m2\repository\net\bytebuddy\byte-buddy\1.11.13\byte-buddy-1.11.13.jar;C:\Users\bl3ss\.m2\repository\net\bytebuddy\byte-buddy-agent\1.11.13\byte-buddy-agent-1.11.13.jar;C:\Users\bl3ss\.m2\repository\org\objenesis\objenesis\3.2\objenesis-3.2.jar;C:\Users\bl3ss\.m2\repository\junit\junit\4.13.2\junit-4.13.2.jar;C:\Users\bl3ss\.m2\repository\org\hamcrest\hamcrest-core\1.3\hamcrest-core-1.3.jar;C:\Users\bl3ss\.m2\repository\org\junit\jupiter\junit-jupiter-api\5.11.0-M1\junit-jupiter-api-5.11.0-M1.jar;C:\Users\bl3ss\.m2\repository\org\opentest4j\opentest4j\1.3.0\opentest4j-1.3.0.jar;C:\Users\bl3ss\.m2\repository\org\junit\platform\junit-platform-commons\1.11.0-M1\junit-platform-commons-1.11.0-M1.jar;C:\Users\bl3ss\.m2\repository\org\apiguardian\apiguardian-api\1.1.2\apiguardian-api-1.1.2.jar;"/>
    <property name="java.vm.vendor" value="GraalVM Community"/>
    <property name="sun.arch.data.model" value="64"/>
    <property name="user.variant" value=""/>
    <property name="java.vendor.url" value="https://www.graalvm.org/"/>
    <property name="user.timezone" value="Europe/Budapest"/>
    <property name="os.name" value="Windows 11"/>
    <property name="java.vm.specification.version" value="22"/>
    <property name="sun.java.launcher" value="SUN_STANDARD"/>
    <property name="user.country" value="US"/>
    <property name="sun.boot.library.path" value="C:\Users\bl3ss\.jdks\graalvm-ce-22.0.0\bin"/>
    <property name="sun.java.command" value="C:\Users\bl3ss\AppData\Local\Temp\surefire16646113336895018698\surefirebooter-20240515220400133_3.jar C:\Users\bl3ss\AppData\Local\Temp\surefire16646113336895018698 2024-05-15T22-04-00_034-jvmRun1 surefire-20240515220400133_1tmp surefire_0-20240515220400133_2tmp"/>
    <property name="jdk.debug" value="release"/>
    <property name="surefire.test.class.path" value="C:\Users\bl3ss\IdeaProjects\boombastic\target\test-classes;C:\Users\bl3ss\IdeaProjects\boombastic\target\classes;C:\Users\bl3ss\.m2\repository\org\mockito\mockito-core\3.12.4\mockito-core-3.12.4.jar;C:\Users\bl3ss\.m2\repository\net\bytebuddy\byte-buddy\1.11.13\byte-buddy-1.11.13.jar;C:\Users\bl3ss\.m2\repository\net\bytebuddy\byte-buddy-agent\1.11.13\byte-buddy-agent-1.11.13.jar;C:\Users\bl3ss\.m2\repository\org\objenesis\objenesis\3.2\objenesis-3.2.jar;C:\Users\bl3ss\.m2\repository\junit\junit\4.13.2\junit-4.13.2.jar;C:\Users\bl3ss\.m2\repository\org\hamcrest\hamcrest-core\1.3\hamcrest-core-1.3.jar;C:\Users\bl3ss\.m2\repository\org\junit\jupiter\junit-jupiter-api\5.11.0-M1\junit-jupiter-api-5.11.0-M1.jar;C:\Users\bl3ss\.m2\repository\org\opentest4j\opentest4j\1.3.0\opentest4j-1.3.0.jar;C:\Users\bl3ss\.m2\repository\org\junit\platform\junit-platform-commons\1.11.0-M1\junit-platform-commons-1.11.0-M1.jar;C:\Users\bl3ss\.m2\repository\org\apiguardian\apiguardian-api\1.1.2\apiguardian-api-1.1.2.jar;"/>
    <property name="sun.cpu.endian" value="little"/>
    <property name="user.home" value="C:\Users\bl3ss"/>
    <property name="user.language" value="en"/>
    <property name="java.specification.vendor" value="Oracle Corporation"/>
    <property name="java.version.date" value="2024-03-19"/>
    <property name="java.home" value="C:\Users\bl3ss\.jdks\graalvm-ce-22.0.0"/>
    <property name="file.separator" value="\"/>
    <property name="basedir" value="C:\Users\bl3ss\IdeaProjects\boombastic"/>
    <property name="java.vm.compressedOopsMode" value="Zero based"/>
    <property name="jdk.internal.vm.ci.enabled" value="true"/>
    <property name="line.separator" value="&#10;"/>
    <property name="java.vm.specification.vendor" value="Oracle Corporation"/>
    <property name="java.specification.name" value="Java Platform API Specification"/>
    <property name="surefire.real.class.path" value="C:\Users\bl3ss\AppData\Local\Temp\surefire16646113336895018698\surefirebooter-20240515220400133_3.jar"/>
    <property name="user.script" value=""/>
    <property name="sun.management.compiler" value="HotSpot 64-Bit Tiered Compilers"/>
    <property name="java.runtime.version" value="22+36-jvmci-b02"/>
    <property name="user.name" value="bl3ss"/>
    <property name="stdout.encoding" value="Cp1252"/>
    <property name="path.separator" value=";"/>
    <property name="os.version" value="10.0"/>
    <property name="java.runtime.name" value="OpenJDK Runtime Environment"/>
    <property name="file.encoding" value="UTF-8"/>
    <property name="java.vm.name" value="OpenJDK 64-Bit Server VM"/>
    <property name="java.vendor.version" value="GraalVM CE 22+36.1"/>
    <property name="localRepository" value="C:\Users\bl3ss\.m2\repository"/>
    <property name="java.vendor.url.bug" value="https://github.com/oracle/graal/issues"/>
    <property name="java.io.tmpdir" value="C:\Users\bl3ss\AppData\Local\Temp\"/>
    <property name="idea.version" value="2023.2.5"/>
    <property name="java.version" value="22"/>
    <property name="user.dir" value="C:\Users\bl3ss\IdeaProjects\boombastic"/>
    <property name="os.arch" value="amd64"/>
    <property name="java.vm.specification.name" value="Java Virtual Machine Specification"/>
    <property name="sun.os.patch.level" value=""/>
    <property name="native.encoding" value="Cp1252"/>
    <property name="java.library.path" value="C:\Users\bl3ss\.jdks\graalvm-ce-22.0.0\bin;C:\WINDOWS\Sun\Java\bin;C:\WINDOWS\system32;C:\WINDOWS;C:\Program Files\Common Files\Oracle\Java\javapath;C:\Program Files (x86)\Common Files\Oracle\Java\javapath;C:\ProgramData\Oracle\Java\javapath;C:\WINDOWS\system32;C:\WINDOWS;C:\WINDOWS\System32\Wbem;C:\WINDOWS\System32\WindowsPowerShell\v1.0\;C:\WINDOWS\System32\OpenSSH\;P:\PDFtk\bin\;P:\;C:\Program Files\dotnet\;C:\MinGW\bin;C:\Program Files\nodejs\;C:\WINDOWS\system32;C:\WINDOWS;C:\WINDOWS\System32\Wbem;C:\WINDOWS\System32\WindowsPowerShell\v1.0\;C:\WINDOWS\System32\OpenSSH\;P:\VSCodium\bin;C:\Program Files\Java\jdk-17\bin;P:\Git\cmd;C:\Program Files\MySQL\MySQL Shell 8.0\bin\;C:\Users\bl3ss\AppData\Local\Programs\Python\Python312\Scripts\;C:\Users\bl3ss\AppData\Local\Programs\Python\Python312\;C:\Users\bl3ss\AppData\Local\Microsoft\WindowsApps;C:\Users\bl3ss\.dotnet\tools;P:\Microsoft VS Code\bin;C:\Users\bl3ss\AppData\Roaming\npm;C:\Users\bl3ss\AppData\Local\GitHubDesktop\bin;P:\PyCharm 2023.2.3\bin;;P:\WebStorm 2023.2.4\bin;;P:\PhpStorm 2023.2.4\bin;;C:\Users\bl3ss\AppData\Local\Programs\php;C:\Users\bl3ss\AppData\Local\Programs\composer;C:\Program Files\JetBrains\CLion 2023.3.4\bin;;C:\Users\bl3ss\.dotnet\tools;."/>
    <property name="java.vm.info" value="mixed mode, sharing"/>
    <property name="stderr.encoding" value="Cp1252"/>
    <property name="java.vendor" value="GraalVM Community"/>
    <property name="java.vm.version" value="22+36-jvmci-b02"/>
    <property name="sun.io.unicode.encoding" value="UnicodeLittle"/>
    <property name="java.class.version" value="66.0"/>
  </properties>
  <testcase name="testGosha" classname="ExampleTest" time="0.001"/>
  <testcase name="testJamil" classname="ExampleTest" time="0.001"/>
  <testcase name="testMisha" classname="ExampleTest" time="0.001"/>
  <testcase name="testNahid" classname="ExampleTest" time="0.001"/>
</testsuite>